1638726848, 799, 524288, 0.15%
1638727148, 2957, 524288, 0.56%
1638727448, 3007, 524288, 0.57%
1638727748, 3075, 524288, 0.59%
1638728048, 3154, 524288, 0.60%
1638728349, 3183, 524288, 0.61%
1638728649, 3239, 524288, 0.62%
1638728949, 3300, 524288, 0.63%
1638729249, 3518, 524288, 0.67%
1638729549, 3522, 524288, 0.67%
1638729849, 3551, 524288, 0.68%
1638730149, 3745, 524288, 0.71%
1638730450, 3768, 524288, 0.72%
1638730750, 3834, 524288, 0.73%
1638731050, 3854, 524288, 0.74%
1638731350, 3981, 524288, 0.76%
1638731650, 4172, 524288, 0.80%
1638731950, 4207, 524288, 0.80%
1638732250, 4261, 524288, 0.81%
1638732550, 4273, 524288, 0.82%
1638732850, 4350, 524288, 0.83%
1638733151, 4430, 524288, 0.84%
1638733451, 4441, 524288, 0.85%
1638733751, 4444, 524288, 0.85%
1638734051, 4457, 524288, 0.85%
1638734351, 4468, 524288, 0.85%
1638734651, 4621, 524288, 0.88%
1638734951, 4656, 524288, 0.89%
1638735251, 4713, 524288, 0.90%
1638735551, 4793, 524288, 0.91%
1638735851, 4796, 524288, 0.91%
1638736151, 4931, 524288, 0.94%
1638736451, 4964, 524288, 0.95%
1638736752, 5086, 524288, 0.97%
1638737052, 5099, 524288, 0.97%
1638737352, 5099, 524288, 0.97%
1638737652, 5108, 524288, 0.97%
1638737952, 5140, 524288, 0.98%
1638738252, 5158, 524288, 0.98%
1638738552, 5171, 524288, 0.99%
1638738852, 5187, 524288, 0.99%
1638739152, 5225, 524288, 1.00%
1638739452, 5264, 524288, 1.00%
1638739753, 5330, 524288, 1.02%
1638740053, 5478, 524288, 1.04%
1638740353, 5770, 524288, 1.10%
1638740653, 5771, 524288, 1.10%
1638740953, 5778, 524288, 1.10%
1638741253, 5797, 524288, 1.11%
1638741553, 5826, 524288, 1.11%
1638741853, 5834, 524288, 1.11%
1638742153, 5919, 524288, 1.13%
1638742453, 5924, 524288, 1.13%
1638742753, 5974, 524288, 1.14%
1638743054, 5982, 524288, 1.14%
1638743354, 5994, 524288, 1.14%
1638743654, 6028, 524288, 1.15%
1638743954, 6149, 524288, 1.17%
1638744254, 6183, 524288, 1.18%
1638744554, 6247, 524288, 1.19%
1638744854, 6307, 524288, 1.20%
1638745155, 6358, 524288, 1.21%
1638745455, 6431, 524288, 1.23%
1638745755, 6470, 524288, 1.23%
1638746055, 6471, 524288, 1.23%
1638746355, 6481, 524288, 1.24%
1638746655, 6487, 524288, 1.24%
1638746956, 6664, 524288, 1.27%
1638747256, 6718, 524288, 1.28%
1638747556, 6756, 524288, 1.29%
1638747856, 6824, 524288, 1.30%
1638748156, 6833, 524288, 1.30%
1638748456, 6847, 524288, 1.31%
1638748756, 6948, 524288, 1.33%
1638749057, 6964, 524288, 1.33%
1638749357, 7023, 524288, 1.34%
1638749657, 7030, 524288, 1.34%
1638749957, 7057, 524288, 1.35%
1638750257, 7076, 524288, 1.35%
1638750557, 7262, 524288, 1.39%
1638750857, 7298, 524288, 1.39%
1638751157, 7400, 524288, 1.41%
1638751457, 7488, 524288, 1.43%
1638751757, 7521, 524288, 1.43%
1638752058, 7586, 524288, 1.45%
1638752358, 7599, 524288, 1.45%
1638752658, 7940, 524288, 1.51%
1638752958, 7942, 524288, 1.51%
1638753258, 7954, 524288, 1.52%
1638753558, 7977, 524288, 1.52%
1638753858, 7977, 524288, 1.52%
1638754158, 8058, 524288, 1.54%
1638754458, 8114, 524288, 1.55%
1638754758, 8143, 524288, 1.55%
1638755059, 8143, 524288, 1.55%
1638755359, 8163, 524288, 1.56%
1638755659, 8206, 524288, 1.57%
1638755959, 8286, 524288, 1.58%
1638756259, 8288, 524288, 1.58%
1638756559, 8344, 524288, 1.59%
1638756859, 8420, 524288, 1.61%
1638757159, 8420, 524288, 1.61%
1638757460, 8444, 524288, 1.61%
1638757760, 8472, 524288, 1.62%
1638758060, 8477, 524288, 1.62%
1638758360, 8478, 524288, 1.62%
1638758660, 8498, 524288, 1.62%
1638758960, 8503, 524288, 1.62%
1638759260, 8516, 524288, 1.62%
1638759560, 8526, 524288, 1.63%
1638759860, 8534, 524288, 1.63%
1638760161, 8543, 524288, 1.63%
1638760461, 8565, 524288, 1.63%
1638760761, 8567, 524288, 1.63%
1638761061, 8623, 524288, 1.64%
1638761361, 8896, 524288, 1.70%
1638761661, 9036, 524288, 1.72%
1638761961, 9475, 524288, 1.81%
1638762261, 9516, 524288, 1.82%
1638762561, 9577, 524288, 1.83%
1638762861, 9592, 524288, 1.83%
1638763161, 9684, 524288, 1.85%
1638763461, 9911, 524288, 1.89%
1638763762, 10080, 524288, 1.92%
1638764062, 10117, 524288, 1.93%
1638764362, 10130, 524288, 1.93%
1638764662, 10149, 524288, 1.94%
1638764962, 10170, 524288, 1.94%
1638765262, 10215, 524288, 1.95%
1638765562, 10274, 524288, 1.96%
1638765862, 10316, 524288, 1.97%
1638766162, 10324, 524288, 1.97%
1638766462, 10348, 524288, 1.97%
1638766763, 10420, 524288, 1.99%
1638767063, 10423, 524288, 1.99%
1638767363, 10432, 524288, 1.99%
1638767663, 10517, 524288, 2.01%
1638767963, 10519, 524288, 2.01%
1638768263, 10531, 524288, 2.01%
1638768563, 10627, 524288, 2.03%
1638768863, 10655, 524288, 2.03%
1638769164, 10684, 524288, 2.04%
1638769464, 10707, 524288, 2.04%
1638769764, 10736, 524288, 2.05%
1638770064, 10738, 524288, 2.05%
1638770364, 10740, 524288, 2.05%
1638770664, 10740, 524288, 2.05%
1638770964, 10741, 524288, 2.05%
1638771264, 10758, 524288, 2.05%
1638771565, 10758, 524288, 2.05%
1638771865, 10758, 524288, 2.05%
1638772165, 10758, 524288, 2.05%
1638772465, 10758, 524288, 2.05%
1638772765, 10758, 524288, 2.05%
1638773065, 10758, 524288, 2.05%
1638773365, 10758, 524288, 2.05%
1638773665, 10758, 524288, 2.05%
1638773965, 10758, 524288, 2.05%
1638774265, 10758, 524288, 2.05%
1638774565, 10758, 524288, 2.05%
1638774866, 10758, 524288, 2.05%
1638775166, 10760, 524288, 2.05%
1638775486, 10760, 524288, 2.05%
1638775786, 10760, 524288, 2.05%
1638776086, 10760, 524288, 2.05%
1638776386, 10760, 524288, 2.05%
1638776686, 10760, 524288, 2.05%
1638776986, 10760, 524288, 2.05%
1638777287, 10760, 524288, 2.05%
1638777588, 10761, 524288, 2.05%
1638777904, 10761, 524288, 2.05%
1638778227, 10761, 524288, 2.05%
1638778534, 10761, 524288, 2.05%
1638778838, 10761, 524288, 2.05%
1638779141, 10761, 524288, 2.05%
1638779444, 10761, 524288, 2.05%
1638779756, 10761, 524288, 2.05%
1638780068, 10761, 524288, 2.05%
1638780389, 10761, 524288, 2.05%
1638780693, 10761, 524288, 2.05%
1638781011, 10761, 524288, 2.05%
1638781320, 10761, 524288, 2.05%
1638781624, 10761, 524288, 2.05%
1638781931, 10761, 524288, 2.05%
1638782251, 10761, 524288, 2.05%
1638782552, 10761, 524288, 2.05%
1638782861, 10761, 524288, 2.05%
1638783166, 10761, 524288, 2.05%
1638783472, 10761, 524288, 2.05%
1638783795, 10761, 524288, 2.05%
1638784118, 10761, 524288, 2.05%
